<?xml version="1.0" encoding="UTF-8"?>
<!-- Generated by org.testng.reporters.JUnitReportReporter -->
<testsuite hostname="lenovo" failures="0" tests="7" name="test2" time="0.016" errors="0" timestamp="2022-03-03T09:32:54 IST" skipped="0">
  <testcase classname="test2" name="signUp" time="0.010"/>
  <system-out/>
  <testcase classname="test2" name="signIn" time="0.001"/>
  <system-out/>
  <testcase classname="test2" name="searchForTicket" time="0.001"/>
  <system-out/>
  <testcase classname="test2" name="bookTicket" time="0.001"/>
  <system-out/>
  <testcase classname="test2" name="saveTicket" time="0.001"/>
  <system-out/>
  <testcase classname="test2" name="payTicket" time="0.001"/>
  <system-out/>
  <testcase classname="test2" name="logOut" time="0.001"/>
  <system-out/>
</testsuite> <!-- test2 -->
